[debug] [2024-09-09T21:16:10.569Z] ----------------------------------------------------------------------
[debug] [2024-09-09T21:16:10.573Z] Command:       C:\Program Files\nodejs\node.exe C:\Users\kisha\AppData\Roaming\npm\node_modules\firebase-tools\lib\bin\firebase.js init
[debug] [2024-09-09T21:16:10.573Z] CLI Version:   13.16.0
[debug] [2024-09-09T21:16:10.574Z] Platform:      win32
[debug] [2024-09-09T21:16:10.574Z] Node Version:  v20.9.0
[debug] [2024-09-09T21:16:10.574Z] Time:          Mon Sep 09 2024 17:16:10 GMT-0400 (Eastern Daylight Saving Time)
[debug] [2024-09-09T21:16:10.574Z] ----------------------------------------------------------------------
[debug] 
[debug] [2024-09-09T21:16:10.671Z] > command requires scopes: ["email","openid","https://www.googleapis.com/auth/cloudplatformprojects.readonly","https://www.googleapis.com/auth/firebase","https://www.googleapis.com/auth/cloud-platform"]
[debug] [2024-09-09T21:16:10.673Z] > authorizing via signed-in user (kishanrajagunathas@gmail.com)
[info] 
     ######## #### ########  ######## ########     ###     ######  ########
     ##        ##  ##     ## ##       ##     ##  ##   ##  ##       ##
     ######    ##  ########  ######   ########  #########  ######  ######
     ##        ##  ##    ##  ##       ##     ## ##     ##       ## ##
     ##       #### ##     ## ######## ########  ##     ##  ######  ########

You're about to initialize a Firebase project in this directory:

  C:\Users\kisha\OneDrive\Desktop\portfolio\portfolio

Before we get started, keep in mind:

  * You are initializing within an existing Firebase project directory

